Running workflow/scripts/local_athena.sh \n Sun May 18 21:05:56 PDT 2025 @ login15
Running custom Athena build with the following parameters:
Input File: projects/athena/athena.config.gnn4itkTool.json
Output File: /pscratch/sd/x/xju/code/autowork/projects/athena/athena.default.gnn4itkTool.built.json
Mode: build_athena
Number of Threads: 16
Setup File: 
jq: error (at projects/athena/athena.config.gnn4itkTool.json:7): Cannot iterate over null (null)
virtual environment detected, deactivating...
[7mlsetup              [0m lsetup <tool1> [ <tool2> ...] (see lsetup -h):
[7m lsetup asetup      [0m  (or asetup) to setup an Athena release
[7m lsetup astyle      [0m  ATLAS style macros
[7m lsetup atlantis    [0m  Atlantis: event display
[7m lsetup centralpage [0m  Find samples
[7m lsetup eiclient    [0m  Event Index 
[7m lsetup emi         [0m  EMI: grid middleware user interface 
[7m lsetup lcgenv      [0m  lcgenv: setup tools from cvmfs SFT repository
[7m lsetup panda       [0m  Panda: Production ANd Distributed Analysis
[7m lsetup pyami       [0m  pyAMI: ATLAS Metadata Interface python client
[7m lsetup root        [0m  ROOT data processing framework
[7m lsetup rucio       [0m  distributed data management system client
[7m lsetup scikit      [0m  python data analysis ecosystem
[7m lsetup views       [0m  Set up a full LCG release
[7m lsetup xcache      [0m  XRootD local proxy cache
[7m lsetup xrootd      [0m  XRootD data access
[7madvancedTools       [0m advanced tools menu
[7mdiagnostics         [0m diagnostic tools menu
[7mhelpMe              [0m more help
[7minstallPip          [0m install relocatable pip modules locally
[7minstallRpm          [0m install relocatable rpms locally
[7mprintMenu           [0m show this menu
[7mqueryC              [0m find / whatis container query
[7mshowVersions        [0m show versions of installed software


[1m[4m30 Nov 2023[0m 

A serious security issue in ROOT's web-based GUI has been identified:

  You should not use the web-based browser until further notice and instead 
  set the old-style TBrowser as the default. Please see the Twiki page linked 
  below for instructions on how to do this.

  https://twiki.cern.ch/twiki/bin/view/AtlasComputing/AtlasComputingArchive/RootBrowserSecurityIssue

  More details of this issue:
  https://root.cern/about/security/#2023-11-26-open-port-for-control-of-web-gui-allows-read-and-write-access-to-file-system

  [0;31mReason for this message: $HOME/.rootrc is missing[0m 

Using Athena/25.0.33 [cmake] with platform x86_64-el9-gcc13-opt
	at /cvmfs/atlas-nightlies.cern.ch/repo/sw/main_Athena_x86_64-el9-gcc13-opt/2025-05-18T2100
Test area: /pscratch/sd/x/xju/athena_dev/gnn4itk_20250423
Unchanged: COOL_ORA_ENABLE_ADAPTIVE_OPT=Y

[1;31;40mlcgPkg[0m tool now available. Run [1;31;40mlcgPkg -h[0m for details.
Building customized Athena in /pscratch/sd/x/xju/athena_dev/gnn4itk_20250423
Original athena: /cvmfs/atlas-nightlies.cern.ch/repo/sw/main_Athena_x86_64-el9-gcc13-opt/2025-05-18T2100/Athena/25.0.33/InstallArea/x86_64-el9-gcc13-opt/bin/athena
Package filter file already exists. Overwriting...
Creating package filter file at: /pscratch/sd/x/xju/athena_dev/gnn4itk_20250423/package_filters.txt
CMake Error: The source directory "/pscratch/sd/x/xju/athena_dev/gnn4itk_20250423/athena/Projects/WorkDir" does not exist.
Specify --help for usage, or press the help button on the CMake GUI.
Error: CMake configuration failed.
