Running workflow/scripts/local_athena.sh \n Tue Apr 29 16:48:30 PDT 2025 @ login23
Running custom Athena build with the following parameters:
Input File: projects/athena/athena.config.mr_tritontool_v2.json
Output File: /pscratch/sd/x/xju/code/autowork/projects/athena/athena.default.mr_tritontool_v2.built.json
Mode: build_athena
Number of Threads: 16
Setup File: 
virtual environment detected, deactivating...
[7mlsetup              [0m lsetup <tool1> [ <tool2> ...] (see lsetup -h):
[7m lsetup asetup      [0m  (or asetup) to setup an Athena release
[7m lsetup astyle      [0m  ATLAS style macros
[7m lsetup atlantis    [0m  Atlantis: event display
[7m lsetup centralpage [0m  Find samples
[7m lsetup eiclient    [0m  Event Index 
[7m lsetup emi         [0m  EMI: grid middleware user interface 
[7m lsetup lcgenv      [0m  lcgenv: setup tools from cvmfs SFT repository
[7m lsetup panda       [0m  Panda: Production ANd Distributed Analysis
[7m lsetup pyami       [0m  pyAMI: ATLAS Metadata Interface python client
[7m lsetup root        [0m  ROOT data processing framework
[7m lsetup rucio       [0m  distributed data management system client
[7m lsetup scikit      [0m  python data analysis ecosystem
[7m lsetup views       [0m  Set up a full LCG release
[7m lsetup xcache      [0m  XRootD local proxy cache
[7m lsetup xrootd      [0m  XRootD data access
[7madvancedTools       [0m advanced tools menu
[7mdiagnostics         [0m diagnostic tools menu
[7mhelpMe              [0m more help
[7minstallPip          [0m install relocatable pip modules locally
[7minstallRpm          [0m install relocatable rpms locally
[7mprintMenu           [0m show this menu
[7mqueryC              [0m find / whatis container query
[7mshowVersions        [0m show versions of installed software


[1m[4m30 Nov 2023[0m 

A serious security issue in ROOT's web-based GUI has been identified:

  You should not use the web-based browser until further notice and instead 
  set the old-style TBrowser as the default. Please see the Twiki page linked 
  below for instructions on how to do this.

  https://twiki.cern.ch/twiki/bin/view/AtlasComputing/AtlasComputingArchive/RootBrowserSecurityIssue

  More details of this issue:
  https://root.cern/about/security/#2023-11-26-open-port-for-control-of-web-gui-allows-read-and-write-access-to-file-system

  [0;31mReason for this message: $HOME/.rootrc is missing[0m 

Using Athena/25.0.30 [cmake] with platform x86_64-el9-gcc13-opt
	at /cvmfs/atlas-nightlies.cern.ch/repo/sw/main_Athena_x86_64-el9-gcc13-opt/2025-04-28T2101
Test area: /pscratch/sd/x/xju/athena_dev/mr_tritontools_20250418
Unchanged: COOL_ORA_ENABLE_ADAPTIVE_OPT=Y
Building customized Athena in /pscratch/sd/x/xju/athena_dev/mr_tritontools_20250418
Original athena: /cvmfs/atlas-nightlies.cern.ch/repo/sw/main_Athena_x86_64-el9-gcc13-opt/2025-04-28T2101/Athena/25.0.30/InstallArea/x86_64-el9-gcc13-opt/bin/athena
Package filter file already exists. Overwriting...
Creating package filter file at: /pscratch/sd/x/xju/athena_dev/mr_tritontools_20250418/package_filters.txt
-- Setting up LCG release "LCG_107a_ATLAS_5" for platform: x86_64-el9-gcc13-opt
-- found Acts version 41.0.0 commit GITDIR-NO-dirty
-- loading components:
--   Core
--   PluginGeoModel
--   PluginJson
--   Fatras
-- Setting up the tdaq-common externals...
-- Setting ATLAS specific build flags
-- Found checker_gccplugins library under: /cvmfs/atlas-nightlies.cern.ch/repo/sw/main_Athena_x86_64-el9-gcc13-opt/2025-04-28T2101/AthenaExternals/25.0.30/InstallArea/x86_64-el9-gcc13-opt/lib/libchecker_gccplugins.so
-- Enabling Python code checker: /cvmfs/atlas-nightlies.cern.ch/repo/sw/main_Athena_x86_64-el9-gcc13-opt/2025-04-28T2101/AthenaExternals/25.0.30/InstallArea/x86_64-el9-gcc13-opt/bin/flake8_atlas
-- Setting up LCG release "LCG_107a_ATLAS_5" for platform: x86_64-el9-gcc13-opt
-- Found ROOT: /cvmfs/atlas-nightlies.cern.ch/repo/sw/main_Athena_x86_64-el9-gcc13-opt/sw/lcg/releases/LCG_107a_ATLAS_5/ROOT/6.34.04/x86_64-el9-gcc13-opt/cmake (found version 6.34.04)
-- Found Gaudi: /cvmfs/atlas-nightlies.cern.ch/repo/sw/main_Athena_x86_64-el9-gcc13-opt/2025-04-28T2101/AthenaExternals/25.0.30/InstallArea/x86_64-el9-gcc13-opt/lib/cmake/Gaudi (found version 39.4)
-- Checking C/C++ files with: /cvmfs/atlas-nightlies.cern.ch/repo/sw/main_Athena_x86_64-el9-gcc13-opt/2025-04-28T2101/Athena/25.0.30/InstallArea/x86_64-el9-gcc13-opt/bin/cppcheck_atlas --enable=warning,portability,performance --quiet --inline-suppr --template=gcc -D__CPPCHECK__ -DATOMIC_POINTER_LOCK_FREE=2 --library=boost --library=googletest --library=python --library=/pscratch/sd/x/xju/athena_dev/mr_tritontools_20250418/athena/Control/CxxUtils/share/cppcheck_athena.cfg --suppressions-list=/pscratch/sd/x/xju/athena_dev/mr_tritontools_20250418/athena/Control/CxxUtils/share/cppcheck_suppress.txt --suppress=*:/cvmfs/atlas-nightlies.cern.ch/repo/sw/main_Athena_x86_64-el9-gcc13-opt/sw/lcg/releases/* --suppress=*:/cvmfs/atlas.cern.ch/repo/sw/tdaq/tdaq-common/tdaq-common-12-01-01/installed/include/* --suppress=*:/cvmfs/atlas-nightlies.cern.ch/repo/sw/main_Athena_x86_64-el9-gcc13-opt/2025-04-28T2101/AthenaExternals/25.0.30/InstallArea/x86_64-el9-gcc13-opt/include/*
-- Configuring ATLAS project with name "WorkDir" and version "25.0.30"
-- Using build type: RelWithDebInfo
-- Using platform name: x86_64-el9-gcc13-opt
-- Cleaning stale files from build area
-- Unit tests will be built by default
-- Found 1994 package(s)
-- Considering package 1 / 1994
-- Package filtering rules read:
--   + Control/AthTriton/AthTritonInterfaces
--   + Control/AthTriton/AthTritonComps
--   + Control/AthenaExamples/AthExTriton
--   - .*
-- Configuring the build of package: AthTritonComps
CMake Error at /cvmfs/atlas-nightlies.cern.ch/repo/sw/main_Athena_x86_64-el9-gcc13-opt/2025-04-28T2101/Athena/25.0.30/InstallArea/x86_64-el9-gcc13-opt/cmake/modules/AtlasInstallFunctions.cmake:67 (message):
  Cannot install headers from non-existing directory
  /pscratch/sd/x/xju/athena_dev/mr_tritontools_20250418/athena/Control/AthTriton/AthTritonComps/AthTriton
Call Stack (most recent call first):
  /cvmfs/atlas-nightlies.cern.ch/repo/sw/main_Athena_x86_64-el9-gcc13-opt/2025-04-28T2101/Athena/25.0.30/InstallArea/x86_64-el9-gcc13-opt/cmake/modules/AtlasLibraryFunctions.cmake:261 (_atlas_install_headers)
  /pscratch/sd/x/xju/athena_dev/mr_tritontools_20250418/athena/Control/AthTriton/AthTritonComps/CMakeLists.txt:11 (atlas_add_library)


-- Configuring the build of package: AthTritonInterfaces
-- Found onnxruntime: /cvmfs/atlas-nightlies.cern.ch/repo/sw/main_Athena_x86_64-el9-gcc13-opt/2025-04-28T2101/AthenaExternals/25.0.30/InstallArea/x86_64-el9-gcc13-opt/include
-- Considering package 100 / 1994
-- Configuring the build of package: AthExTriton
-- Considering package 199 / 1994
-- Considering package 298 / 1994
-- Considering package 397 / 1994
-- Considering package 496 / 1994
-- Considering package 595 / 1994
-- Considering package 694 / 1994
-- Considering package 793 / 1994
-- Considering package 892 / 1994
-- Considering package 991 / 1994
-- Considering package 1090 / 1994
-- Considering package 1189 / 1994
-- Considering package 1288 / 1994
-- Considering package 1387 / 1994
-- Considering package 1486 / 1994
-- Considering package 1585 / 1994
-- Considering package 1684 / 1994
-- Considering package 1783 / 1994
-- Considering package 1882 / 1994
-- Considering package 1981 / 1994
-- Number of packages configured: 3
-- Time for package configuration: 1 second(s)
-- Generated file: /pscratch/sd/x/xju/athena_dev/mr_tritontools_20250418/sparse_build/x86_64-el9-gcc13-opt/packages.txt
-- Including the packages from project Athena - 25.0.30...
-- Including the packages from project AthenaExternals - 25.0.30...
-- Generated file: /pscratch/sd/x/xju/athena_dev/mr_tritontools_20250418/sparse_build/x86_64-el9-gcc13-opt/compilers.txt
-- Setting up the 'doc' target using Doxygen
-- Generated file: /pscratch/sd/x/xju/athena_dev/mr_tritontools_20250418/sparse_build/x86_64-el9-gcc13-opt/ReleaseData
-- Generating external environment configuration
-- Writing runtime environment to file: /pscratch/sd/x/xju/athena_dev/mr_tritontools_20250418/sparse_build/x86_64-el9-gcc13-opt/env_setup.sh
-- 
--             In order to test your updates, please don't forget to
--             set up the environment with e.g.:
--             --->   source x86_64-el9-gcc13-opt/setup.sh
-- 
-- Configuring incomplete, errors occurred!
Error: CMake configuration failed.
