Running workflow/scripts/run_tracking.sh \n Tue Jun 10 13:34:08 PDT 2025 @ nid004171
-----------------------------------
Input File: projects/tracking/rdo_files.MuonPU0.txt
Run Directory: /global/cfs/cdirs/m3443/usr/xju/workflow/workarea/tracking/MuonPU0
Output File: /global/cfs/cdirs/m3443/usr/xju/workflow/workarea/tracking/MuonPU0/aod.gnn4itkML.triton.gnn4itkTriton.tracking.MuonPU0.root
Number of Workers: 1
Max Events: 5000
Chain Name: GNN4ITk_ML_TRITON
Setup File: results/athena/athena.default.gnn4itkTriton.built.json
Triton Model Name: MetricLearning
Triton URL: nid008308
/global/cfs/cdirs/m3443/data/GNN4ITK/RDOFiles/mc21_14TeV.900495.PG_single_muonpm_Pt10_etaFlatnp0_43.recon.RDO.e8481_s4149_r14697/RDO.33675641._000002.pool.root.1,/global/cfs/cdirs/m3443/data/GNN4ITK/RDOFiles/mc21_14TeV.900495.PG_single_muonpm_Pt10_etaFlatnp0_43.recon.RDO.e8481_s4149_r14697/RDO.33675641._000022.pool.root.1,/global/cfs/cdirs/m3443/data/GNN4ITK/RDOFiles/mc21_14TeV.900495.PG_single_muonpm_Pt10_etaFlatnp0_43.recon.RDO.e8481_s4149_r14697/RDO.33675641._000028.pool.root.1,/global/cfs/cdirs/m3443/data/GNN4ITK/RDOFiles/mc21_14TeV.900495.PG_single_muonpm_Pt10_etaFlatnp0_43.recon.RDO.e8481_s4149_r14697/RDO.33675641._000047.pool.root.1,/global/cfs/cdirs/m3443/data/GNN4ITK/RDOFiles/mc21_14TeV.900495.PG_single_muonpm_Pt10_etaFlatnp0_43.recon.RDO.e8481_s4149_r14697/RDO.33675641._000067.pool.root.1,/global/cfs/cdirs/m3443/data/GNN4ITK/RDOFiles/mc21_14TeV.900495.PG_single_muonpm_Pt10_etaFlatnp0_43.recon.RDO.e8481_s4149_r14697/RDO.33675641._000085.pool.root.1
virtual environment detected, deactivating...
[7mlsetup              [0m lsetup <tool1> [ <tool2> ...] (see lsetup -h):
[7m lsetup asetup      [0m  (or asetup) to setup an Athena release
[7m lsetup astyle      [0m  ATLAS style macros
[7m lsetup atlantis    [0m  Atlantis: event display
[7m lsetup centralpage [0m  Find samples
[7m lsetup eiclient    [0m  Event Index
[7m lsetup emi         [0m  EMI: grid middleware user interface
[7m lsetup lcgenv      [0m  lcgenv: setup tools from cvmfs SFT repository
[7m lsetup panda       [0m  Panda: Production ANd Distributed Analysis
[7m lsetup pyami       [0m  pyAMI: ATLAS Metadata Interface python client
[7m lsetup root        [0m  ROOT data processing framework
[7m lsetup rucio       [0m  distributed data management system client
[7m lsetup scikit      [0m  python data analysis ecosystem
[7m lsetup views       [0m  Set up a full LCG release
[7m lsetup xcache      [0m  XRootD local proxy cache
[7m lsetup xrootd      [0m  XRootD data access
[7madvancedTools       [0m advanced tools menu
[7mdiagnostics         [0m diagnostic tools menu
[7mhelpMe              [0m more help
[7minstallPip          [0m install relocatable pip modules locally
[7minstallRpm          [0m install relocatable rpms locally
[7mprintMenu           [0m show this menu
[7mqueryC              [0m find / whatis container query
[7mshowVersions        [0m show versions of installed software


[1m[4m30 Nov 2023[0m

A serious security issue in ROOT's web-based GUI has been identified:

  You should not use the web-based browser until further notice and instead
  set the old-style TBrowser as the default. Please see the Twiki page linked
  below for instructions on how to do this.

  https://twiki.cern.ch/twiki/bin/view/AtlasComputing/AtlasComputingArchive/RootBrowserSecurityIssue

  More details of this issue:
  https://root.cern/about/security/#2023-11-26-open-port-for-control-of-web-gui-allows-read-and-write-access-to-file-system

  [0;31mReason for this message: $HOME/.rootrc is missing[0m

Set up environment from /pscratch/sd/x/xju/code/autowork/results/athena/athena.default.gnn4itkTriton.built.json
Setup Athena from JSON file: /pscratch/sd/x/xju/code/autowork/results/athena/athena.default.gnn4itkTriton.built.json
Current directory: /pscratch/sd/x/xju/code/autowork
Move to /pscratch/sd/x/xju/athena_dev/20250507_gnn4itk_triton and setup Athena Athena,25.0.30,here.
Using Athena/25.0.30 [cmake] with platform x86_64-el9-gcc13-opt
	at /cvmfs/atlas.cern.ch/repo/sw/software/25.0
Test area: /pscratch/sd/x/xju/athena_dev/20250507_gnn4itk_triton
Unchanged: COOL_ORA_ENABLE_ADAPTIVE_OPT=Y
/cvmfs/atlas.cern.ch/repo/sw/software/25.0/Athena/25.0.30/InstallArea/x86_64-el9-gcc13-opt/bin/athena
Setting up local environment from sparse_build/x86_64-el9-gcc*-opt/setup.sh
Athena environment set up successfully.
Returned to original directory: /pscratch/sd/x/xju/code/autowork
Running GNN4ITk_ML_TRITON in /global/cfs/cdirs/m3443/usr/xju/workflow/workarea/tracking/MuonPU0 with 1 workers
PyJobTransforms.<module> 2025-06-10 13:34:19,067 INFO logging set in /cvmfs/atlas.cern.ch/repo/sw/software/25.0/Athena/25.0.30/InstallArea/x86_64-el9-gcc13-opt/bin/Reco_tf.py
PyJobTransforms.main 2025-06-10 13:34:19,772 INFO This is /cvmfs/atlas.cern.ch/repo/sw/software/25.0/Athena/25.0.30/InstallArea/x86_64-el9-gcc13-opt/bin/Reco_tf.py
PyJobTransforms.transform.parseCmdLineArgs 2025-06-10 13:34:19,990 INFO Transform command line was: '/cvmfs/atlas.cern.ch/repo/sw/software/25.0/Athena/25.0.30/InstallArea/x86_64-el9-gcc13-opt/bin/Reco_tf.py' '--CA' 'all:True' '--autoConfiguration' 'everything' '--conditionsTag' 'all:OFLCOND-MC15c-SDR-14-05' '--geometryVersion' 'all:ATLAS-P2-RUN4-03-00-00' '--multithreaded' 'True' '--steering' 'doRAWtoALL' '--digiSteeringConf' 'StandardInTimeOnlyTruth' '--postInclude' 'all:PyJobTransforms.UseFrontier' '--preExec' 'all:flags.ITk.doEndcapEtaNeighbour=True; flags.Tracking.ITkGNNPass.minClusters = [7,7,7]; flags.Tracking.ITkGNNPass.maxHoles = [4,4,2]; ' '--preInclude' 'all:Campaigns.PhaseIIPileUp200' 'InDetConfig.ConfigurationHelpers.OnlyTrackingPreInclude' 'InDetGNNTracking.InDetGNNTrackingFlags.gnnTritonValidation' '--preExec' 'flags.Tracking.GNN.Triton.model = "MetricLearning"; flags.Tracking.GNN.Triton.url = "nid008308";' '--inputRDOFile' '/global/cfs/cdirs/m3443/data/GNN4ITK/RDOFiles/mc21_14TeV.900495.PG_single_muonpm_Pt10_etaFlatnp0_43.recon.RDO.e8481_s4149_r14697/RDO.33675641._000002.pool.root.1,/global/cfs/cdirs/m3443/data/GNN4ITK/RDOFiles/mc21_14TeV.900495.PG_single_muonpm_Pt10_etaFlatnp0_43.recon.RDO.e8481_s4149_r14697/RDO.33675641._000022.pool.root.1,/global/cfs/cdirs/m3443/data/GNN4ITK/RDOFiles/mc21_14TeV.900495.PG_single_muonpm_Pt10_etaFlatnp0_43.recon.RDO.e8481_s4149_r14697/RDO.33675641._000028.pool.root.1,/global/cfs/cdirs/m3443/data/GNN4ITK/RDOFiles/mc21_14TeV.900495.PG_single_muonpm_Pt10_etaFlatnp0_43.recon.RDO.e8481_s4149_r14697/RDO.33675641._000047.pool.root.1,/global/cfs/cdirs/m3443/data/GNN4ITK/RDOFiles/mc21_14TeV.900495.PG_single_muonpm_Pt10_etaFlatnp0_43.recon.RDO.e8481_s4149_r14697/RDO.33675641._000067.pool.root.1,/global/cfs/cdirs/m3443/data/GNN4ITK/RDOFiles/mc21_14TeV.900495.PG_single_muonpm_Pt10_etaFlatnp0_43.recon.RDO.e8481_s4149_r14697/RDO.33675641._000085.pool.root.1' '--outputAODFile' '/global/cfs/cdirs/m3443/usr/xju/workflow/workarea/tracking/MuonPU0/aod.gnn4itkML.triton.gnn4itkTriton.tracking.MuonPU0.root' '--jobNumber' '1' '--athenaopts=--loglevel=INFO' '--maxEvents' '5000'
PyJobTransforms.transform.execute 2025-06-10 13:34:20,020 INFO Resolving execution graph
PyJobTransforms.trfGraph.__init__ 2025-06-10 13:34:20,021 INFO Transform graph input data: ['RDO']; output data ['AOD']
PyJobTransforms.transform.execute 2025-06-10 13:34:20,034 INFO Starting to trace execution path
PyJobTransforms.transform.execute 2025-06-10 13:34:20,035 INFO Execution path found with 1 step(s): RAWtoALL
PyJobTransforms.transform.validateInFiles 2025-06-10 13:34:20,035 INFO Validating input files
PyJobTransforms.trfValidation.performStandardFileValidation 2025-06-10 13:34:20,035 INFO Starting legacy (serial) file validation
PyJobTransforms.trfValidation.performStandardFileValidation 2025-06-10 13:34:20,035 INFO Validating data type RDO...
PyJobTransforms.trfValidation.performStandardFileValidation 2025-06-10 13:34:20,035 INFO Validating file /global/cfs/cdirs/m3443/data/GNN4ITK/RDOFiles/mc21_14TeV.900495.PG_single_muonpm_Pt10_etaFlatnp0_43.recon.RDO.e8481_s4149_r14697/RDO.33675641._000002.pool.root.1...
PyJobTransforms.trfValidation.performStandardFileValidation 2025-06-10 13:34:20,035 INFO /global/cfs/cdirs/m3443/data/GNN4ITK/RDOFiles/mc21_14TeV.900495.PG_single_muonpm_Pt10_etaFlatnp0_43.recon.RDO.e8481_s4149_r14697/RDO.33675641._000002.pool.root.1: Testing event count...
PyJobTransforms.trfArgClasses._readMetadata 2025-06-10 13:34:20,036 INFO Metadata generator called to obtain nentries for ('/global/cfs/cdirs/m3443/data/GNN4ITK/RDOFiles/mc21_14TeV.900495.PG_single_muonpm_Pt10_etaFlatnp0_43.recon.RDO.e8481_s4149_r14697/RDO.33675641._000002.pool.root.1',)
