Running workflow/scripts/run_idpvm.sh \n Tue Jun 10 13:37:27 PDT 2025 @ nid004171
-----------------------------------
Input File: workarea/tracking/PionPU0/aod.ckf.local.gnn4itkTriton.none.PionPU0.root
Setup File: results/athena/athena.default.gnn4itkTriton.built.json
Run Directory: /global/cfs/cdirs/m3443/usr/xju/workflow/workarea/tracking/PionPU0
Output File: /global/cfs/cdirs/m3443/usr/xju/workflow/workarea/tracking/PionPU0/idpvm.ckf.primary.local.gnn4itkTriton.none.PionPU0.root
Number of Workers: 16
Max Events: -1
Chain Name: PRIMARY
virtual environment detected, deactivating...
[7mlsetup              [0m lsetup <tool1> [ <tool2> ...] (see lsetup -h):
[7m lsetup asetup      [0m  (or asetup) to setup an Athena release
[7m lsetup astyle      [0m  ATLAS style macros
[7m lsetup atlantis    [0m  Atlantis: event display
[7m lsetup centralpage [0m  Find samples
[7m lsetup eiclient    [0m  Event Index
[7m lsetup emi         [0m  EMI: grid middleware user interface
[7m lsetup lcgenv      [0m  lcgenv: setup tools from cvmfs SFT repository
[7m lsetup panda       [0m  Panda: Production ANd Distributed Analysis
[7m lsetup pyami       [0m  pyAMI: ATLAS Metadata Interface python client
[7m lsetup root        [0m  ROOT data processing framework
[7m lsetup rucio       [0m  distributed data management system client
[7m lsetup scikit      [0m  python data analysis ecosystem
[7m lsetup views       [0m  Set up a full LCG release
[7m lsetup xcache      [0m  XRootD local proxy cache
[7m lsetup xrootd      [0m  XRootD data access
[7madvancedTools       [0m advanced tools menu
[7mdiagnostics         [0m diagnostic tools menu
[7mhelpMe              [0m more help
[7minstallPip          [0m install relocatable pip modules locally
[7minstallRpm          [0m install relocatable rpms locally
[7mprintMenu           [0m show this menu
[7mqueryC              [0m find / whatis container query
[7mshowVersions        [0m show versions of installed software


[1m[4m30 Nov 2023[0m

A serious security issue in ROOT's web-based GUI has been identified:

  You should not use the web-based browser until further notice and instead
  set the old-style TBrowser as the default. Please see the Twiki page linked
  below for instructions on how to do this.

  https://twiki.cern.ch/twiki/bin/view/AtlasComputing/AtlasComputingArchive/RootBrowserSecurityIssue

  More details of this issue:
  https://root.cern/about/security/#2023-11-26-open-port-for-control-of-web-gui-allows-read-and-write-access-to-file-system

  [0;31mReason for this message: $HOME/.rootrc is missing[0m

Set up environment from /pscratch/sd/x/xju/code/autowork/results/athena/athena.default.gnn4itkTriton.built.json
Setup Athena from JSON file: /pscratch/sd/x/xju/code/autowork/results/athena/athena.default.gnn4itkTriton.built.json
Current directory: /pscratch/sd/x/xju/code/autowork
Move to /pscratch/sd/x/xju/athena_dev/20250507_gnn4itk_triton and setup Athena Athena,25.0.30,here.
Using Athena/25.0.30 [cmake] with platform x86_64-el9-gcc13-opt
	at /cvmfs/atlas.cern.ch/repo/sw/software/25.0
Test area: /pscratch/sd/x/xju/athena_dev/20250507_gnn4itk_triton
Unchanged: COOL_ORA_ENABLE_ADAPTIVE_OPT=Y
/cvmfs/atlas.cern.ch/repo/sw/software/25.0/Athena/25.0.30/InstallArea/x86_64-el9-gcc13-opt/bin/athena
Setting up local environment from sparse_build/x86_64-el9-gcc*-opt/setup.sh
Athena environment set up successfully.
Returned to original directory: /pscratch/sd/x/xju/code/autowork
Running with 16 workers
Running standard workflow
Full IDPVM Options:
    runIDPVM.py --maxEvents -1 --filesInput /global/cfs/cdirs/m3443/usr/xju/workflow/workarea/tracking/PionPU0/aod.ckf.local.gnn4itkTriton.none.PionPU0.root --outputFile /global/cfs/cdirs/m3443/usr/xju/workflow/workarea/tracking/PionPU0/idpvm.ckf.primary.local.gnn4itkTriton.none.PionPU0.root --truthMinPt 1000 --HSFlag HardScatter --doTruthToRecoNtuple --doLoose --doTightPrimary --doHitLevelPlots --OnlyTrackingPreInclude
Py:AutoConfigFlags    INFO Obtaining metadata of auto-configuration by peeking into '/global/cfs/cdirs/m3443/usr/xju/workflow/workarea/tracking/PionPU0/aod.ckf.local.gnn4itkTriton.none.PionPU0.root'
Py:MetaReader        INFO Current mode used: lite
Py:MetaReader        INFO Current filenames: ['/global/cfs/cdirs/m3443/usr/xju/workflow/workarea/tracking/PionPU0/aod.ckf.local.gnn4itkTriton.none.PionPU0.root']
