Running workflow/scripts/run_tracking.sh \n Thu May 29 14:35:26 PDT 2025 @ nid004196
-----------------------------------
Input File: projects/tracking/rdo_files.ZmumuPU200.txt
Run Directory: /global/cfs/cdirs/m3443/usr/xju/workflow/workarea/tracking/ZmumuPU200
Output File: /global/cfs/cdirs/m3443/usr/xju/workflow/workarea/tracking/ZmumuPU200/aod.ckf.local.gnn4itkTriton.none.ZmumuPU200.root
Number of Workers: 16
Max Events: -1
Chain Name: CKF_LEGACY
Setup File: results/athena/athena.default.gnn4itkTriton.built.json
Triton Model Name: metriclearning
Triton URL: localhost
/global/cfs/cdirs/m3443/data/GNN4ITK/RDOFiles/mc21_14TeV.601190.PhPy8EG_AZNLO_Zmumu.recon.RDO.e8481_s4203_r14701/RDO.36156278._000001.pool.root.1,/global/cfs/cdirs/m3443/data/GNN4ITK/RDOFiles/mc21_14TeV.601190.PhPy8EG_AZNLO_Zmumu.recon.RDO.e8481_s4203_r14701/RDO.36156278._000002.pool.root.1,/global/cfs/cdirs/m3443/data/GNN4ITK/RDOFiles/mc21_14TeV.601190.PhPy8EG_AZNLO_Zmumu.recon.RDO.e8481_s4203_r14701/RDO.36156278._000003.pool.root.1,/global/cfs/cdirs/m3443/data/GNN4ITK/RDOFiles/mc21_14TeV.601190.PhPy8EG_AZNLO_Zmumu.recon.RDO.e8481_s4203_r14701/RDO.36156278._000004.pool.root.1,/global/cfs/cdirs/m3443/data/GNN4ITK/RDOFiles/mc21_14TeV.601190.PhPy8EG_AZNLO_Zmumu.recon.RDO.e8481_s4203_r14701/RDO.36156278._000005.pool.root.1,/global/cfs/cdirs/m3443/data/GNN4ITK/RDOFiles/mc21_14TeV.601190.PhPy8EG_AZNLO_Zmumu.recon.RDO.e8481_s4203_r14701/RDO.36156278._000006.pool.root.1,/global/cfs/cdirs/m3443/data/GNN4ITK/RDOFiles/mc21_14TeV.601190.PhPy8EG_AZNLO_Zmumu.recon.RDO.e8481_s4203_r14701/RDO.36156278._000007.pool.root.1,/global/cfs/cdirs/m3443/data/GNN4ITK/RDOFiles/mc21_14TeV.601190.PhPy8EG_AZNLO_Zmumu.recon.RDO.e8481_s4203_r14701/RDO.36156278._000008.pool.root.1,/global/cfs/cdirs/m3443/data/GNN4ITK/RDOFiles/mc21_14TeV.601190.PhPy8EG_AZNLO_Zmumu.recon.RDO.e8481_s4203_r14701/RDO.36156278._000009.pool.root.1,/global/cfs/cdirs/m3443/data/GNN4ITK/RDOFiles/mc21_14TeV.601190.PhPy8EG_AZNLO_Zmumu.recon.RDO.e8481_s4203_r14701/RDO.36156278._000010.pool.root.1,/global/cfs/cdirs/m3443/data/GNN4ITK/RDOFiles/mc21_14TeV.601190.PhPy8EG_AZNLO_Zmumu.recon.RDO.e8481_s4203_r14701/RDO.36156278._000011.pool.root.1,/global/cfs/cdirs/m3443/data/GNN4ITK/RDOFiles/mc21_14TeV.601190.PhPy8EG_AZNLO_Zmumu.recon.RDO.e8481_s4203_r14701/RDO.36156278._000012.pool.root.1,/global/cfs/cdirs/m3443/data/GNN4ITK/RDOFiles/mc21_14TeV.601190.PhPy8EG_AZNLO_Zmumu.recon.RDO.e8481_s4203_r14701/RDO.36156278._000013.pool.root.1,/global/cfs/cdirs/m3443/data/GNN4ITK/RDOFiles/mc21_14TeV.601190.PhPy8EG_AZNLO_Zmumu.recon.RDO.e8481_s4203_r14701/RDO.36156278._000014.pool.root.1,/global/cfs/cdirs/m3443/data/GNN4ITK/RDOFiles/mc21_14TeV.601190.PhPy8EG_AZNLO_Zmumu.recon.RDO.e8481_s4203_r14701/RDO.36156278._000082.pool.root.1,/global/cfs/cdirs/m3443/data/GNN4ITK/RDOFiles/mc21_14TeV.601190.PhPy8EG_AZNLO_Zmumu.recon.RDO.e8481_s4203_r14701/RDO.36156278._000218.pool.root.1,/global/cfs/cdirs/m3443/data/GNN4ITK/RDOFiles/mc21_14TeV.601190.PhPy8EG_AZNLO_Zmumu.recon.RDO.e8481_s4203_r14701/RDO.36156278._000344.pool.root.1,/global/cfs/cdirs/m3443/data/GNN4ITK/RDOFiles/mc21_14TeV.601190.PhPy8EG_AZNLO_Zmumu.recon.RDO.e8481_s4203_r14701/RDO.36156278._000400.pool.root.1,/global/cfs/cdirs/m3443/data/GNN4ITK/RDOFiles/mc21_14TeV.601190.PhPy8EG_AZNLO_Zmumu.recon.RDO.e8481_s4203_r14701/RDO.36156278._000403.pool.root.1,/global/cfs/cdirs/m3443/data/GNN4ITK/RDOFiles/mc21_14TeV.601190.PhPy8EG_AZNLO_Zmumu.recon.RDO.e8481_s4203_r14701/RDO.36156278._000512.pool.root.1,/global/cfs/cdirs/m3443/data/GNN4ITK/RDOFiles/mc21_14TeV.601190.PhPy8EG_AZNLO_Zmumu.recon.RDO.e8481_s4203_r14701/RDO.36156278._000532.pool.root.1,/global/cfs/cdirs/m3443/data/GNN4ITK/RDOFiles/mc21_14TeV.601190.PhPy8EG_AZNLO_Zmumu.recon.RDO.e8481_s4203_r14701/RDO.36156278._000540.pool.root.1,/global/cfs/cdirs/m3443/data/GNN4ITK/RDOFiles/mc21_14TeV.601190.PhPy8EG_AZNLO_Zmumu.recon.RDO.e8481_s4203_r14701/RDO.36156278._000563.pool.root.1,/global/cfs/cdirs/m3443/data/GNN4ITK/RDOFiles/mc21_14TeV.601190.PhPy8EG_AZNLO_Zmumu.recon.RDO.e8481_s4203_r14701/RDO.36156278._000604.pool.root.1
virtual environment detected, deactivating...
[7mlsetup              [0m lsetup <tool1> [ <tool2> ...] (see lsetup -h):
[7m lsetup asetup      [0m  (or asetup) to setup an Athena release
[7m lsetup astyle      [0m  ATLAS style macros
[7m lsetup atlantis    [0m  Atlantis: event display
[7m lsetup centralpage [0m  Find samples
[7m lsetup eiclient    [0m  Event Index 
[7m lsetup emi         [0m  EMI: grid middleware user interface 
[7m lsetup lcgenv      [0m  lcgenv: setup tools from cvmfs SFT repository
[7m lsetup panda       [0m  Panda: Production ANd Distributed Analysis
[7m lsetup pyami       [0m  pyAMI: ATLAS Metadata Interface python client
[7m lsetup root        [0m  ROOT data processing framework
[7m lsetup rucio       [0m  distributed data management system client
[7m lsetup scikit      [0m  python data analysis ecosystem
[7m lsetup views       [0m  Set up a full LCG release
[7m lsetup xcache      [0m  XRootD local proxy cache
[7m lsetup xrootd      [0m  XRootD data access
[7madvancedTools       [0m advanced tools menu
[7mdiagnostics         [0m diagnostic tools menu
[7mhelpMe              [0m more help
[7minstallPip          [0m install relocatable pip modules locally
[7minstallRpm          [0m install relocatable rpms locally
[7mprintMenu           [0m show this menu
[7mqueryC              [0m find / whatis container query
[7mshowVersions        [0m show versions of installed software


[1m[4m30 Nov 2023[0m 

A serious security issue in ROOT's web-based GUI has been identified:

  You should not use the web-based browser until further notice and instead 
  set the old-style TBrowser as the default. Please see the Twiki page linked 
  below for instructions on how to do this.

  https://twiki.cern.ch/twiki/bin/view/AtlasComputing/AtlasComputingArchive/RootBrowserSecurityIssue

  More details of this issue:
  https://root.cern/about/security/#2023-11-26-open-port-for-control-of-web-gui-allows-read-and-write-access-to-file-system

  [0;31mReason for this message: $HOME/.rootrc is missing[0m 

Set up environment from /pscratch/sd/x/xju/code/autowork/results/athena/athena.default.gnn4itkTriton.built.json
Setup Athena from JSON file: /pscratch/sd/x/xju/code/autowork/results/athena/athena.default.gnn4itkTriton.built.json
Current directory: /pscratch/sd/x/xju/code/autowork
Move to /pscratch/sd/x/xju/athena_dev/20250507_gnn4itk_triton and setup Athena Athena,25.0.30,here.
Using Athena/25.0.30 [cmake] with platform x86_64-el9-gcc13-opt
	at /cvmfs/atlas.cern.ch/repo/sw/software/25.0
Test area: /pscratch/sd/x/xju/athena_dev/20250507_gnn4itk_triton
Unchanged: COOL_ORA_ENABLE_ADAPTIVE_OPT=Y
/cvmfs/atlas.cern.ch/repo/sw/software/25.0/Athena/25.0.30/InstallArea/x86_64-el9-gcc13-opt/bin/athena
Setting up local environment from sparse_build/x86_64-el9-gcc*-opt/setup.sh
Athena environment set up successfully.
Returned to original directory: /pscratch/sd/x/xju/code/autowork
Running CKF_LEGACY in /global/cfs/cdirs/m3443/usr/xju/workflow/workarea/tracking/ZmumuPU200 with 16 workers
PyJobTransforms.<module> 2025-05-29 14:35:42,316 INFO logging set in /cvmfs/atlas.cern.ch/repo/sw/software/25.0/Athena/25.0.30/InstallArea/x86_64-el9-gcc13-opt/bin/Reco_tf.py
PyJobTransforms.main 2025-05-29 14:35:43,734 INFO This is /cvmfs/atlas.cern.ch/repo/sw/software/25.0/Athena/25.0.30/InstallArea/x86_64-el9-gcc13-opt/bin/Reco_tf.py
PyJobTransforms.transform.parseCmdLineArgs 2025-05-29 14:35:43,868 INFO Transform command line was: '/cvmfs/atlas.cern.ch/repo/sw/software/25.0/Athena/25.0.30/InstallArea/x86_64-el9-gcc13-opt/bin/Reco_tf.py' '--CA' 'all:True' '--autoConfiguration' 'everything' '--conditionsTag' 'all:OFLCOND-MC15c-SDR-14-05' '--geometryVersion' 'all:ATLAS-P2-RUN4-03-00-00' '--multithreaded' 'True' '--steering' 'doRAWtoALL' '--digiSteeringConf' 'StandardInTimeOnlyTruth' '--postInclude' 'all:PyJobTransforms.UseFrontier' '--preInclude' 'all:Campaigns.PhaseIIPileUp200' 'InDetConfig.ConfigurationHelpers.OnlyTrackingPreInclude' '--inputRDOFile' '/global/cfs/cdirs/m3443/data/GNN4ITK/RDOFiles/mc21_14TeV.601190.PhPy8EG_AZNLO_Zmumu.recon.RDO.e8481_s4203_r14701/RDO.36156278._000001.pool.root.1,/global/cfs/cdirs/m3443/data/GNN4ITK/RDOFiles/mc21_14TeV.601190.PhPy8EG_AZNLO_Zmumu.recon.RDO.e8481_s4203_r14701/RDO.36156278._000002.pool.root.1,/global/cfs/cdirs/m3443/data/GNN4ITK/RDOFiles/mc21_14TeV.601190.PhPy8EG_AZNLO_Zmumu.recon.RDO.e8481_s4203_r14701/RDO.36156278._000003.pool.root.1,/global/cfs/cdirs/m3443/data/GNN4ITK/RDOFiles/mc21_14TeV.601190.PhPy8EG_AZNLO_Zmumu.recon.RDO.e8481_s4203_r14701/RDO.36156278._000004.pool.root.1,/global/cfs/cdirs/m3443/data/GNN4ITK/RDOFiles/mc21_14TeV.601190.PhPy8EG_AZNLO_Zmumu.recon.RDO.e8481_s4203_r14701/RDO.36156278._000005.pool.root.1,/global/cfs/cdirs/m3443/data/GNN4ITK/RDOFiles/mc21_14TeV.601190.PhPy8EG_AZNLO_Zmumu.recon.RDO.e8481_s4203_r14701/RDO.36156278._000006.pool.root.1,/global/cfs/cdirs/m3443/data/GNN4ITK/RDOFiles/mc21_14TeV.601190.PhPy8EG_AZNLO_Zmumu.recon.RDO.e8481_s4203_r14701/RDO.36156278._000007.pool.root.1,/global/cfs/cdirs/m3443/data/GNN4ITK/RDOFiles/mc21_14TeV.601190.PhPy8EG_AZNLO_Zmumu.recon.RDO.e8481_s4203_r14701/RDO.36156278._000008.pool.root.1,/global/cfs/cdirs/m3443/data/GNN4ITK/RDOFiles/mc21_14TeV.601190.PhPy8EG_AZNLO_Zmumu.recon.RDO.e8481_s4203_r14701/RDO.36156278._000009.pool.root.1,/global/cfs/cdirs/m3443/data/GNN4ITK/RDOFiles/mc21_14TeV.601190.PhPy8EG_AZNLO_Zmumu.recon.RDO.e8481_s4203_r14701/RDO.36156278._000010.pool.root.1,/global/cfs/cdirs/m3443/data/GNN4ITK/RDOFiles/mc21_14TeV.601190.PhPy8EG_AZNLO_Zmumu.recon.RDO.e8481_s4203_r14701/RDO.36156278._000011.pool.root.1,/global/cfs/cdirs/m3443/data/GNN4ITK/RDOFiles/mc21_14TeV.601190.PhPy8EG_AZNLO_Zmumu.recon.RDO.e8481_s4203_r14701/RDO.36156278._000012.pool.root.1,/global/cfs/cdirs/m3443/data/GNN4ITK/RDOFiles/mc21_14TeV.601190.PhPy8EG_AZNLO_Zmumu.recon.RDO.e8481_s4203_r14701/RDO.36156278._000013.pool.root.1,/global/cfs/cdirs/m3443/data/GNN4ITK/RDOFiles/mc21_14TeV.601190.PhPy8EG_AZNLO_Zmumu.recon.RDO.e8481_s4203_r14701/RDO.36156278._000014.pool.root.1,/global/cfs/cdirs/m3443/data/GNN4ITK/RDOFiles/mc21_14TeV.601190.PhPy8EG_AZNLO_Zmumu.recon.RDO.e8481_s4203_r14701/RDO.36156278._000082.pool.root.1,/global/cfs/cdirs/m3443/data/GNN4ITK/RDOFiles/mc21_14TeV.601190.PhPy8EG_AZNLO_Zmumu.recon.RDO.e8481_s4203_r14701/RDO.36156278._000218.pool.root.1,/global/cfs/cdirs/m3443/data/GNN4ITK/RDOFiles/mc21_14TeV.601190.PhPy8EG_AZNLO_Zmumu.recon.RDO.e8481_s4203_r14701/RDO.36156278._000344.pool.root.1,/global/cfs/cdirs/m3443/data/GNN4ITK/RDOFiles/mc21_14TeV.601190.PhPy8EG_AZNLO_Zmumu.recon.RDO.e8481_s4203_r14701/RDO.36156278._000400.pool.root.1,/global/cfs/cdirs/m3443/data/GNN4ITK/RDOFiles/mc21_14TeV.601190.PhPy8EG_AZNLO_Zmumu.recon.RDO.e8481_s4203_r14701/RDO.36156278._000403.pool.root.1,/global/cfs/cdirs/m3443/data/GNN4ITK/RDOFiles/mc21_14TeV.601190.PhPy8EG_AZNLO_Zmumu.recon.RDO.e8481_s4203_r14701/RDO.36156278._000512.pool.root.1,/global/cfs/cdirs/m3443/data/GNN4ITK/RDOFiles/mc21_14TeV.601190.PhPy8EG_AZNLO_Zmumu.recon.RDO.e8481_s4203_r14701/RDO.36156278._000532.pool.root.1,/global/cfs/cdirs/m3443/data/GNN4ITK/RDOFiles/mc21_14TeV.601190.PhPy8EG_AZNLO_Zmumu.recon.RDO.e8481_s4203_r14701/RDO.36156278._000540.pool.root.1,/global/cfs/cdirs/m3443/data/GNN4ITK/RDOFiles/mc21_14TeV.601190.PhPy8EG_AZNLO_Zmumu.recon.RDO.e8481_s4203_r14701/RDO.36156278._000563.pool.root.1,/global/cfs/cdirs/m3443/data/GNN4ITK/RDOFiles/mc21_14TeV.601190.PhPy8EG_AZNLO_Zmumu.recon.RDO.e8481_s4203_r14701/RDO.36156278._000604.pool.root.1' '--outputAODFile' '/global/cfs/cdirs/m3443/usr/xju/workflow/workarea/tracking/ZmumuPU200/aod.ckf.local.gnn4itkTriton.none.ZmumuPU200.root' '--jobNumber' '1' '--athenaopts=--loglevel=INFO' '--maxEvents' '-1'
PyJobTransforms.transform.execute 2025-05-29 14:35:43,956 INFO Resolving execution graph
PyJobTransforms.trfGraph.__init__ 2025-05-29 14:35:43,956 INFO Transform graph input data: ['RDO']; output data ['AOD']
PyJobTransforms.transform.execute 2025-05-29 14:35:43,971 INFO Starting to trace execution path
PyJobTransforms.transform.execute 2025-05-29 14:35:43,972 INFO Execution path found with 1 step(s): RAWtoALL
PyJobTransforms.transform.validateInFiles 2025-05-29 14:35:43,972 INFO Validating input files
PyJobTransforms.trfValidation.performStandardFileValidation 2025-05-29 14:35:43,972 INFO Starting legacy (serial) file validation
PyJobTransforms.trfValidation.performStandardFileValidation 2025-05-29 14:35:43,972 INFO Validating data type RDO...
PyJobTransforms.trfValidation.performStandardFileValidation 2025-05-29 14:35:43,972 INFO Validating file /global/cfs/cdirs/m3443/data/GNN4ITK/RDOFiles/mc21_14TeV.601190.PhPy8EG_AZNLO_Zmumu.recon.RDO.e8481_s4203_r14701/RDO.36156278._000001.pool.root.1...
PyJobTransforms.trfValidation.performStandardFileValidation 2025-05-29 14:35:43,972 INFO /global/cfs/cdirs/m3443/data/GNN4ITK/RDOFiles/mc21_14TeV.601190.PhPy8EG_AZNLO_Zmumu.recon.RDO.e8481_s4203_r14701/RDO.36156278._000001.pool.root.1: Testing event count...
PyJobTransforms.trfArgClasses._readMetadata 2025-05-29 14:35:43,972 INFO Metadata generator called to obtain nentries for ('/global/cfs/cdirs/m3443/data/GNN4ITK/RDOFiles/mc21_14TeV.601190.PhPy8EG_AZNLO_Zmumu.recon.RDO.e8481_s4203_r14701/RDO.36156278._000001.pool.root.1',)
Py:MetaReader        INFO Current mode used: lite
Py:MetaReader        INFO Current filenames: ['/global/cfs/cdirs/m3443/data/GNN4ITK/RDOFiles/mc21_14TeV.601190.PhPy8EG_AZNLO_Zmumu.recon.RDO.e8481_s4203_r14701/RDO.36156278._000001.pool.root.1']
Py:MetaReader        INFO MetaReader is called with the parameter "unique_tag_info_values" set to True. This is a workaround to remove all duplicate values from "/TagInfo" key
Py:MetaReader        INFO Current mode used: lite
Py:MetaReader        INFO Current filenames: ['/global/cfs/cdirs/m3443/data/GNN4ITK/RDOFiles/mc21_14TeV.601190.PhPy8EG_AZNLO_Zmumu.recon.RDO.e8481_s4203_r14701/RDO.36156278._000002.pool.root.1']
Py:MetaReader        INFO MetaReader is called with the parameter "unique_tag_info_values" set to True. This is a workaround to remove all duplicate values from "/TagInfo" key
Py:MetaReader        INFO Current mode used: lite
Py:MetaReader        INFO Current filenames: ['/global/cfs/cdirs/m3443/data/GNN4ITK/RDOFiles/mc21_14TeV.601190.PhPy8EG_AZNLO_Zmumu.recon.RDO.e8481_s4203_r14701/RDO.36156278._000003.pool.root.1']
Py:MetaReader        INFO MetaReader is called with the parameter "unique_tag_info_values" set to True. This is a workaround to remove all duplicate values from "/TagInfo" key
Py:MetaReader        INFO Current mode used: lite
Py:MetaReader        INFO Current filenames: ['/global/cfs/cdirs/m3443/data/GNN4ITK/RDOFiles/mc21_14TeV.601190.PhPy8EG_AZNLO_Zmumu.recon.RDO.e8481_s4203_r14701/RDO.36156278._000004.pool.root.1']
Py:MetaReader        INFO MetaReader is called with the parameter "unique_tag_info_values" set to True. This is a workaround to remove all duplicate values from "/TagInfo" key
Py:MetaReader        INFO Current mode used: lite
Py:MetaReader        INFO Current filenames: ['/global/cfs/cdirs/m3443/data/GNN4ITK/RDOFiles/mc21_14TeV.601190.PhPy8EG_AZNLO_Zmumu.recon.RDO.e8481_s4203_r14701/RDO.36156278._000005.pool.root.1']
Py:MetaReader        INFO MetaReader is called with the parameter "unique_tag_info_values" set to True. This is a workaround to remove all duplicate values from "/TagInfo" key
Py:MetaReader        INFO Current mode used: lite
Py:MetaReader        INFO Current filenames: ['/global/cfs/cdirs/m3443/data/GNN4ITK/RDOFiles/mc21_14TeV.601190.PhPy8EG_AZNLO_Zmumu.recon.RDO.e8481_s4203_r14701/RDO.36156278._000006.pool.root.1']
Py:MetaReader        INFO MetaReader is called with the parameter "unique_tag_info_values" set to True. This is a workaround to remove all duplicate values from "/TagInfo" key
Py:MetaReader        INFO Current mode used: lite
Py:MetaReader        INFO Current filenames: ['/global/cfs/cdirs/m3443/data/GNN4ITK/RDOFiles/mc21_14TeV.601190.PhPy8EG_AZNLO_Zmumu.recon.RDO.e8481_s4203_r14701/RDO.36156278._000007.pool.root.1']
Py:MetaReader        INFO MetaReader is called with the parameter "unique_tag_info_values" set to True. This is a workaround to remove all duplicate values from "/TagInfo" key
Py:MetaReader        INFO Current mode used: lite
Py:MetaReader        INFO Current filenames: ['/global/cfs/cdirs/m3443/data/GNN4ITK/RDOFiles/mc21_14TeV.601190.PhPy8EG_AZNLO_Zmumu.recon.RDO.e8481_s4203_r14701/RDO.36156278._000008.pool.root.1']
Py:MetaReader        INFO MetaReader is called with the parameter "unique_tag_info_values" set to True. This is a workaround to remove all duplicate values from "/TagInfo" key
Py:MetaReader        INFO Current mode used: lite
Py:MetaReader        INFO Current filenames: ['/global/cfs/cdirs/m3443/data/GNN4ITK/RDOFiles/mc21_14TeV.601190.PhPy8EG_AZNLO_Zmumu.recon.RDO.e8481_s4203_r14701/RDO.36156278._000009.pool.root.1']
Py:MetaReader        INFO MetaReader is called with the parameter "unique_tag_info_values" set to True. This is a workaround to remove all duplicate values from "/TagInfo" key
Py:MetaReader        INFO Current mode used: lite
Py:MetaReader        INFO Current filenames: ['/global/cfs/cdirs/m3443/data/GNN4ITK/RDOFiles/mc21_14TeV.601190.PhPy8EG_AZNLO_Zmumu.recon.RDO.e8481_s4203_r14701/RDO.36156278._000010.pool.root.1']
Py:MetaReader        INFO MetaReader is called with the parameter "unique_tag_info_values" set to True. This is a workaround to remove all duplicate values from "/TagInfo" key
Py:MetaReader        INFO Current mode used: lite
Py:MetaReader        INFO Current filenames: ['/global/cfs/cdirs/m3443/data/GNN4ITK/RDOFiles/mc21_14TeV.601190.PhPy8EG_AZNLO_Zmumu.recon.RDO.e8481_s4203_r14701/RDO.36156278._000011.pool.root.1']
Py:MetaReader        INFO MetaReader is called with the parameter "unique_tag_info_values" set to True. This is a workaround to remove all duplicate values from "/TagInfo" key
Py:MetaReader        INFO Current mode used: lite
Py:MetaReader        INFO Current filenames: ['/global/cfs/cdirs/m3443/data/GNN4ITK/RDOFiles/mc21_14TeV.601190.PhPy8EG_AZNLO_Zmumu.recon.RDO.e8481_s4203_r14701/RDO.36156278._000012.pool.root.1']
Py:MetaReader        INFO MetaReader is called with the parameter "unique_tag_info_values" set to True. This is a workaround to remove all duplicate values from "/TagInfo" key
Py:MetaReader        INFO Current mode used: lite
Py:MetaReader        INFO Current filenames: ['/global/cfs/cdirs/m3443/data/GNN4ITK/RDOFiles/mc21_14TeV.601190.PhPy8EG_AZNLO_Zmumu.recon.RDO.e8481_s4203_r14701/RDO.36156278._000013.pool.root.1']
Py:MetaReader        INFO MetaReader is called with the parameter "unique_tag_info_values" set to True. This is a workaround to remove all duplicate values from "/TagInfo" key
Py:MetaReader        INFO Current mode used: lite
Py:MetaReader        INFO Current filenames: ['/global/cfs/cdirs/m3443/data/GNN4ITK/RDOFiles/mc21_14TeV.601190.PhPy8EG_AZNLO_Zmumu.recon.RDO.e8481_s4203_r14701/RDO.36156278._000014.pool.root.1']
Py:MetaReader        INFO MetaReader is called with the parameter "unique_tag_info_values" set to True. This is a workaround to remove all duplicate values from "/TagInfo" key
Py:MetaReader        INFO Current mode used: lite
Py:MetaReader        INFO Current filenames: ['/global/cfs/cdirs/m3443/data/GNN4ITK/RDOFiles/mc21_14TeV.601190.PhPy8EG_AZNLO_Zmumu.recon.RDO.e8481_s4203_r14701/RDO.36156278._000082.pool.root.1']
Py:MetaReader        INFO MetaReader is called with the parameter "unique_tag_info_values" set to True. This is a workaround to remove all duplicate values from "/TagInfo" key
Py:MetaReader        INFO Current mode used: lite
Py:MetaReader        INFO Current filenames: ['/global/cfs/cdirs/m3443/data/GNN4ITK/RDOFiles/mc21_14TeV.601190.PhPy8EG_AZNLO_Zmumu.recon.RDO.e8481_s4203_r14701/RDO.36156278._000218.pool.root.1']
Py:MetaReader        INFO MetaReader is called with the parameter "unique_tag_info_values" set to True. This is a workaround to remove all duplicate values from "/TagInfo" key
Py:MetaReader        INFO Current mode used: lite
Py:MetaReader        INFO Current filenames: ['/global/cfs/cdirs/m3443/data/GNN4ITK/RDOFiles/mc21_14TeV.601190.PhPy8EG_AZNLO_Zmumu.recon.RDO.e8481_s4203_r14701/RDO.36156278._000344.pool.root.1']
Py:MetaReader        INFO MetaReader is called with the parameter "unique_tag_info_values" set to True. This is a workaround to remove all duplicate values from "/TagInfo" key
Py:MetaReader        INFO Current mode used: lite
Py:MetaReader        INFO Current filenames: ['/global/cfs/cdirs/m3443/data/GNN4ITK/RDOFiles/mc21_14TeV.601190.PhPy8EG_AZNLO_Zmumu.recon.RDO.e8481_s4203_r14701/RDO.36156278._000400.pool.root.1']
Py:MetaReader        INFO MetaReader is called with the parameter "unique_tag_info_values" set to True. This is a workaround to remove all duplicate values from "/TagInfo" key
Py:MetaReader        INFO Current mode used: lite
Py:MetaReader        INFO Current filenames: ['/global/cfs/cdirs/m3443/data/GNN4ITK/RDOFiles/mc21_14TeV.601190.PhPy8EG_AZNLO_Zmumu.recon.RDO.e8481_s4203_r14701/RDO.36156278._000403.pool.root.1']
Py:MetaReader        INFO MetaReader is called with the parameter "unique_tag_info_values" set to True. This is a workaround to remove all duplicate values from "/TagInfo" key
Py:MetaReader        INFO Current mode used: lite
Py:MetaReader        INFO Current filenames: ['/global/cfs/cdirs/m3443/data/GNN4ITK/RDOFiles/mc21_14TeV.601190.PhPy8EG_AZNLO_Zmumu.recon.RDO.e8481_s4203_r14701/RDO.36156278._000512.pool.root.1']
Py:MetaReader        INFO MetaReader is called with the parameter "unique_tag_info_values" set to True. This is a workaround to remove all duplicate values from "/TagInfo" key
Py:MetaReader        INFO Current mode used: lite
Py:MetaReader        INFO Current filenames: ['/global/cfs/cdirs/m3443/data/GNN4ITK/RDOFiles/mc21_14TeV.601190.PhPy8EG_AZNLO_Zmumu.recon.RDO.e8481_s4203_r14701/RDO.36156278._000532.pool.root.1']
Py:MetaReader        INFO MetaReader is called with the parameter "unique_tag_info_values" set to True. This is a workaround to remove all duplicate values from "/TagInfo" key
Py:MetaReader        INFO Current mode used: lite
Py:MetaReader        INFO Current filenames: ['/global/cfs/cdirs/m3443/data/GNN4ITK/RDOFiles/mc21_14TeV.601190.PhPy8EG_AZNLO_Zmumu.recon.RDO.e8481_s4203_r14701/RDO.36156278._000540.pool.root.1']
Py:MetaReader        INFO MetaReader is called with the parameter "unique_tag_info_values" set to True. This is a workaround to remove all duplicate values from "/TagInfo" key
Py:MetaReader        INFO Current mode used: lite
Py:MetaReader        INFO Current filenames: ['/global/cfs/cdirs/m3443/data/GNN4ITK/RDOFiles/mc21_14TeV.601190.PhPy8EG_AZNLO_Zmumu.recon.RDO.e8481_s4203_r14701/RDO.36156278._000563.pool.root.1']
Py:MetaReader        INFO MetaReader is called with the parameter "unique_tag_info_values" set to True. This is a workaround to remove all duplicate values from "/TagInfo" key
Py:MetaReader        INFO Current mode used: lite
Py:MetaReader        INFO Current filenames: ['/global/cfs/cdirs/m3443/data/GNN4ITK/RDOFiles/mc21_14TeV.601190.PhPy8EG_AZNLO_Zmumu.recon.RDO.e8481_s4203_r14701/RDO.36156278._000604.pool.root.1']
Py:MetaReader        INFO MetaReader is called with the parameter "unique_tag_info_values" set to True. This is a workaround to remove all duplicate values from "/TagInfo" key
PyJobTransforms.trfValidation.performStandardFileValidation 2025-05-29 14:36:49,478 INFO Event counting test passed (200 events).
PyJobTransforms.trfValidation.performStandardFileValidation 2025-05-29 14:36:49,478 INFO /global/cfs/cdirs/m3443/data/GNN4ITK/RDOFiles/mc21_14TeV.601190.PhPy8EG_AZNLO_Zmumu.recon.RDO.e8481_s4203_r14701/RDO.36156278._000001.pool.root.1: Checking if guid exists...
PyJobTransforms.trfValidation.performStandardFileValidation 2025-05-29 14:36:49,478 INFO Guid is 4797DB29-6508-8249-A3C3-A5E4E793CBF1
PyJobTransforms.trfValidation.performStandardFileValidation 2025-05-29 14:36:49,478 INFO Validating file /global/cfs/cdirs/m3443/data/GNN4ITK/RDOFiles/mc21_14TeV.601190.PhPy8EG_AZNLO_Zmumu.recon.RDO.e8481_s4203_r14701/RDO.36156278._000002.pool.root.1...
PyJobTransforms.trfValidation.performStandardFileValidation 2025-05-29 14:36:49,478 INFO /global/cfs/cdirs/m3443/data/GNN4ITK/RDOFiles/mc21_14TeV.601190.PhPy8EG_AZNLO_Zmumu.recon.RDO.e8481_s4203_r14701/RDO.36156278._000002.pool.root.1: Testing event count...
PyJobTransforms.trfValidation.performStandardFileValidation 2025-05-29 14:36:49,479 INFO Event counting test passed (200 events).
PyJobTransforms.trfValidation.performStandardFileValidation 2025-05-29 14:36:49,479 INFO /global/cfs/cdirs/m3443/data/GNN4ITK/RDOFiles/mc21_14TeV.601190.PhPy8EG_AZNLO_Zmumu.recon.RDO.e8481_s4203_r14701/RDO.36156278._000002.pool.root.1: Checking if guid exists...
PyJobTransforms.trfValidation.performStandardFileValidation 2025-05-29 14:36:49,479 INFO Guid is 2A377EA1-CEC0-1540-90F8-ECA53E38ADF0
PyJobTransforms.trfValidation.performStandardFileValidation 2025-05-29 14:36:49,479 INFO Validating file /global/cfs/cdirs/m3443/data/GNN4ITK/RDOFiles/mc21_14TeV.601190.PhPy8EG_AZNLO_Zmumu.recon.RDO.e8481_s4203_r14701/RDO.36156278._000003.pool.root.1...
PyJobTransforms.trfValidation.performStandardFileValidation 2025-05-29 14:36:49,479 INFO /global/cfs/cdirs/m3443/data/GNN4ITK/RDOFiles/mc21_14TeV.601190.PhPy8EG_AZNLO_Zmumu.recon.RDO.e8481_s4203_r14701/RDO.36156278._000003.pool.root.1: Testing event count...
PyJobTransforms.trfValidation.performStandardFileValidation 2025-05-29 14:36:49,479 INFO Event counting test passed (200 events).
PyJobTransforms.trfValidation.performStandardFileValidation 2025-05-29 14:36:49,480 INFO /global/cfs/cdirs/m3443/data/GNN4ITK/RDOFiles/mc21_14TeV.601190.PhPy8EG_AZNLO_Zmumu.recon.RDO.e8481_s4203_r14701/RDO.36156278._000003.pool.root.1: Checking if guid exists...
PyJobTransforms.trfValidation.performStandardFileValidation 2025-05-29 14:36:49,480 INFO Guid is C28E295C-E8D4-244E-9B9D-63DF15ED7284
PyJobTransforms.trfValidation.performStandardFileValidation 2025-05-29 14:36:49,480 INFO Validating file /global/cfs/cdirs/m3443/data/GNN4ITK/RDOFiles/mc21_14TeV.601190.PhPy8EG_AZNLO_Zmumu.recon.RDO.e8481_s4203_r14701/RDO.36156278._000004.pool.root.1...
PyJobTransforms.trfValidation.performStandardFileValidation 2025-05-29 14:36:49,480 INFO /global/cfs/cdirs/m3443/data/GNN4ITK/RDOFiles/mc21_14TeV.601190.PhPy8EG_AZNLO_Zmumu.recon.RDO.e8481_s4203_r14701/RDO.36156278._000004.pool.root.1: Testing event count...
PyJobTransforms.trfValidation.performStandardFileValidation 2025-05-29 14:36:49,480 INFO Event counting test passed (200 events).
PyJobTransforms.trfValidation.performStandardFileValidation 2025-05-29 14:36:49,480 INFO /global/cfs/cdirs/m3443/data/GNN4ITK/RDOFiles/mc21_14TeV.601190.PhPy8EG_AZNLO_Zmumu.recon.RDO.e8481_s4203_r14701/RDO.36156278._000004.pool.root.1: Checking if guid exists...
PyJobTransforms.trfValidation.performStandardFileValidation 2025-05-29 14:36:49,480 INFO Guid is 30E1C6D7-1E8F-B949-9409-8F2BFC2D4FAA
PyJobTransforms.trfValidation.performStandardFileValidation 2025-05-29 14:36:49,480 INFO Validating file /global/cfs/cdirs/m3443/data/GNN4ITK/RDOFiles/mc21_14TeV.601190.PhPy8EG_AZNLO_Zmumu.recon.RDO.e8481_s4203_r14701/RDO.36156278._000005.pool.root.1...
PyJobTransforms.trfValidation.performStandardFileValidation 2025-05-29 14:36:49,480 INFO /global/cfs/cdirs/m3443/data/GNN4ITK/RDOFiles/mc21_14TeV.601190.PhPy8EG_AZNLO_Zmumu.recon.RDO.e8481_s4203_r14701/RDO.36156278._000005.pool.root.1: Testing event count...
PyJobTransforms.trfValidation.performStandardFileValidation 2025-05-29 14:36:49,481 INFO Event counting test passed (200 events).
PyJobTransforms.trfValidation.performStandardFileValidation 2025-05-29 14:36:49,481 INFO /global/cfs/cdirs/m3443/data/GNN4ITK/RDOFiles/mc21_14TeV.601190.PhPy8EG_AZNLO_Zmumu.recon.RDO.e8481_s4203_r14701/RDO.36156278._000005.pool.root.1: Checking if guid exists...
PyJobTransforms.trfValidation.performStandardFileValidation 2025-05-29 14:36:49,481 INFO Guid is 72E2D131-0A8C-CF4C-9ECD-B3ADD4B9A1A0
PyJobTransforms.trfValidation.performStandardFileValidation 2025-05-29 14:36:49,481 INFO Validating file /global/cfs/cdirs/m3443/data/GNN4ITK/RDOFiles/mc21_14TeV.601190.PhPy8EG_AZNLO_Zmumu.recon.RDO.e8481_s4203_r14701/RDO.36156278._000006.pool.root.1...
PyJobTransforms.trfValidation.performStandardFileValidation 2025-05-29 14:36:49,481 INFO /global/cfs/cdirs/m3443/data/GNN4ITK/RDOFiles/mc21_14TeV.601190.PhPy8EG_AZNLO_Zmumu.recon.RDO.e8481_s4203_r14701/RDO.36156278._000006.pool.root.1: Testing event count...
PyJobTransforms.trfValidation.performStandardFileValidation 2025-05-29 14:36:49,482 INFO Event counting test passed (200 events).
PyJobTransforms.trfValidation.performStandardFileValidation 2025-05-29 14:36:49,482 INFO /global/cfs/cdirs/m3443/data/GNN4ITK/RDOFiles/mc21_14TeV.601190.PhPy8EG_AZNLO_Zmumu.recon.RDO.e8481_s4203_r14701/RDO.36156278._000006.pool.root.1: Checking if guid exists...
PyJobTransforms.trfValidation.performStandardFileValidation 2025-05-29 14:36:49,482 INFO Guid is C3B202B7-ABF6-F048-B010-6774448DA2A9
PyJobTransforms.trfValidation.performStandardFileValidation 2025-05-29 14:36:49,482 INFO Validating file /global/cfs/cdirs/m3443/data/GNN4ITK/RDOFiles/mc21_14TeV.601190.PhPy8EG_AZNLO_Zmumu.recon.RDO.e8481_s4203_r14701/RDO.36156278._000007.pool.root.1...
PyJobTransforms.trfValidation.performStandardFileValidation 2025-05-29 14:36:49,482 INFO /global/cfs/cdirs/m3443/data/GNN4ITK/RDOFiles/mc21_14TeV.601190.PhPy8EG_AZNLO_Zmumu.recon.RDO.e8481_s4203_r14701/RDO.36156278._000007.pool.root.1: Testing event count...
PyJobTransforms.trfValidation.performStandardFileValidation 2025-05-29 14:36:49,482 INFO Event counting test passed (200 events).
PyJobTransforms.trfValidation.performStandardFileValidation 2025-05-29 14:36:49,483 INFO /global/cfs/cdirs/m3443/data/GNN4ITK/RDOFiles/mc21_14TeV.601190.PhPy8EG_AZNLO_Zmumu.recon.RDO.e8481_s4203_r14701/RDO.36156278._000007.pool.root.1: Checking if guid exists...
PyJobTransforms.trfValidation.performStandardFileValidation 2025-05-29 14:36:49,483 INFO Guid is A75FC6DE-8D66-144C-954C-A7052B792470
PyJobTransforms.trfValidation.performStandardFileValidation 2025-05-29 14:36:49,483 INFO Validating file /global/cfs/cdirs/m3443/data/GNN4ITK/RDOFiles/mc21_14TeV.601190.PhPy8EG_AZNLO_Zmumu.recon.RDO.e8481_s4203_r14701/RDO.36156278._000008.pool.root.1...
PyJobTransforms.trfValidation.performStandardFileValidation 2025-05-29 14:36:49,483 INFO /global/cfs/cdirs/m3443/data/GNN4ITK/RDOFiles/mc21_14TeV.601190.PhPy8EG_AZNLO_Zmumu.recon.RDO.e8481_s4203_r14701/RDO.36156278._000008.pool.root.1: Testing event count...
PyJobTransforms.trfValidation.performStandardFileValidation 2025-05-29 14:36:49,483 INFO Event counting test passed (200 events).
PyJobTransforms.trfValidation.performStandardFileValidation 2025-05-29 14:36:49,483 INFO /global/cfs/cdirs/m3443/data/GNN4ITK/RDOFiles/mc21_14TeV.601190.PhPy8EG_AZNLO_Zmumu.recon.RDO.e8481_s4203_r14701/RDO.36156278._000008.pool.root.1: Checking if guid exists...
PyJobTransforms.trfValidation.performStandardFileValidation 2025-05-29 14:36:49,483 INFO Guid is 18017146-7849-2445-B71A-1C245A47A7C0
PyJobTransforms.trfValidation.performStandardFileValidation 2025-05-29 14:36:49,483 INFO Validating file /global/cfs/cdirs/m3443/data/GNN4ITK/RDOFiles/mc21_14TeV.601190.PhPy8EG_AZNLO_Zmumu.recon.RDO.e8481_s4203_r14701/RDO.36156278._000009.pool.root.1...
PyJobTransforms.trfValidation.performStandardFileValidation 2025-05-29 14:36:49,483 INFO /global/cfs/cdirs/m3443/data/GNN4ITK/RDOFiles/mc21_14TeV.601190.PhPy8EG_AZNLO_Zmumu.recon.RDO.e8481_s4203_r14701/RDO.36156278._000009.pool.root.1: Testing event count...
PyJobTransforms.trfValidation.performStandardFileValidation 2025-05-29 14:36:49,484 INFO Event counting test passed (200 events).
PyJobTransforms.trfValidation.performStandardFileValidation 2025-05-29 14:36:49,484 INFO /global/cfs/cdirs/m3443/data/GNN4ITK/RDOFiles/mc21_14TeV.601190.PhPy8EG_AZNLO_Zmumu.recon.RDO.e8481_s4203_r14701/RDO.36156278._000009.pool.root.1: Checking if guid exists...
PyJobTransforms.trfValidation.performStandardFileValidation 2025-05-29 14:36:49,484 INFO Guid is AD71AFAB-AB6D-8740-A7A6-D41E0B776D8C
PyJobTransforms.trfValidation.performStandardFileValidation 2025-05-29 14:36:49,484 INFO Validating file /global/cfs/cdirs/m3443/data/GNN4ITK/RDOFiles/mc21_14TeV.601190.PhPy8EG_AZNLO_Zmumu.recon.RDO.e8481_s4203_r14701/RDO.36156278._000010.pool.root.1...
PyJobTransforms.trfValidation.performStandardFileValidation 2025-05-29 14:36:49,484 INFO /global/cfs/cdirs/m3443/data/GNN4ITK/RDOFiles/mc21_14TeV.601190.PhPy8EG_AZNLO_Zmumu.recon.RDO.e8481_s4203_r14701/RDO.36156278._000010.pool.root.1: Testing event count...
PyJobTransforms.trfValidation.performStandardFileValidation 2025-05-29 14:36:49,485 INFO Event counting test passed (200 events).
PyJobTransforms.trfValidation.performStandardFileValidation 2025-05-29 14:36:49,485 INFO /global/cfs/cdirs/m3443/data/GNN4ITK/RDOFiles/mc21_14TeV.601190.PhPy8EG_AZNLO_Zmumu.recon.RDO.e8481_s4203_r14701/RDO.36156278._000010.pool.root.1: Checking if guid exists...
PyJobTransforms.trfValidation.performStandardFileValidation 2025-05-29 14:36:49,485 INFO Guid is A249D8C1-6691-C344-8753-937F5FDC5F9C
PyJobTransforms.trfValidation.performStandardFileValidation 2025-05-29 14:36:49,485 INFO Validating file /global/cfs/cdirs/m3443/data/GNN4ITK/RDOFiles/mc21_14TeV.601190.PhPy8EG_AZNLO_Zmumu.recon.RDO.e8481_s4203_r14701/RDO.36156278._000011.pool.root.1...
PyJobTransforms.trfValidation.performStandardFileValidation 2025-05-29 14:36:49,485 INFO /global/cfs/cdirs/m3443/data/GNN4ITK/RDOFiles/mc21_14TeV.601190.PhPy8EG_AZNLO_Zmumu.recon.RDO.e8481_s4203_r14701/RDO.36156278._000011.pool.root.1: Testing event count...
PyJobTransforms.trfValidation.performStandardFileValidation 2025-05-29 14:36:49,485 INFO Event counting test passed (200 events).
PyJobTransforms.trfValidation.performStandardFileValidation 2025-05-29 14:36:49,485 INFO /global/cfs/cdirs/m3443/data/GNN4ITK/RDOFiles/mc21_14TeV.601190.PhPy8EG_AZNLO_Zmumu.recon.RDO.e8481_s4203_r14701/RDO.36156278._000011.pool.root.1: Checking if guid exists...
PyJobTransforms.trfValidation.performStandardFileValidation 2025-05-29 14:36:49,485 INFO Guid is 8EA7D3BB-41B0-2648-A0EA-E0E4FA90F145
PyJobTransforms.trfValidation.performStandardFileValidation 2025-05-29 14:36:49,485 INFO Validating file /global/cfs/cdirs/m3443/data/GNN4ITK/RDOFiles/mc21_14TeV.601190.PhPy8EG_AZNLO_Zmumu.recon.RDO.e8481_s4203_r14701/RDO.36156278._000012.pool.root.1...
PyJobTransforms.trfValidation.performStandardFileValidation 2025-05-29 14:36:49,485 INFO /global/cfs/cdirs/m3443/data/GNN4ITK/RDOFiles/mc21_14TeV.601190.PhPy8EG_AZNLO_Zmumu.recon.RDO.e8481_s4203_r14701/RDO.36156278._000012.pool.root.1: Testing event count...
PyJobTransforms.trfValidation.performStandardFileValidation 2025-05-29 14:36:49,486 INFO Event counting test passed (200 events).
PyJobTransforms.trfValidation.performStandardFileValidation 2025-05-29 14:36:49,486 INFO /global/cfs/cdirs/m3443/data/GNN4ITK/RDOFiles/mc21_14TeV.601190.PhPy8EG_AZNLO_Zmumu.recon.RDO.e8481_s4203_r14701/RDO.36156278._000012.pool.root.1: Checking if guid exists...
PyJobTransforms.trfValidation.performStandardFileValidation 2025-05-29 14:36:49,486 INFO Guid is A50AB7F2-7838-D545-8566-51E1A0ADB4E6
PyJobTransforms.trfValidation.performStandardFileValidation 2025-05-29 14:36:49,486 INFO Validating file /global/cfs/cdirs/m3443/data/GNN4ITK/RDOFiles/mc21_14TeV.601190.PhPy8EG_AZNLO_Zmumu.recon.RDO.e8481_s4203_r14701/RDO.36156278._000013.pool.root.1...
PyJobTransforms.trfValidation.performStandardFileValidation 2025-05-29 14:36:49,486 INFO /global/cfs/cdirs/m3443/data/GNN4ITK/RDOFiles/mc21_14TeV.601190.PhPy8EG_AZNLO_Zmumu.recon.RDO.e8481_s4203_r14701/RDO.36156278._000013.pool.root.1: Testing event count...
PyJobTransforms.trfValidation.performStandardFileValidation 2025-05-29 14:36:49,487 INFO Event counting test passed (200 events).
PyJobTransforms.trfValidation.performStandardFileValidation 2025-05-29 14:36:49,487 INFO /global/cfs/cdirs/m3443/data/GNN4ITK/RDOFiles/mc21_14TeV.601190.PhPy8EG_AZNLO_Zmumu.recon.RDO.e8481_s4203_r14701/RDO.36156278._000013.pool.root.1: Checking if guid exists...
PyJobTransforms.trfValidation.performStandardFileValidation 2025-05-29 14:36:49,487 INFO Guid is E6B54157-41C4-704B-9E82-1381959DE507
PyJobTransforms.trfValidation.performStandardFileValidation 2025-05-29 14:36:49,487 INFO Validating file /global/cfs/cdirs/m3443/data/GNN4ITK/RDOFiles/mc21_14TeV.601190.PhPy8EG_AZNLO_Zmumu.recon.RDO.e8481_s4203_r14701/RDO.36156278._000014.pool.root.1...
PyJobTransforms.trfValidation.performStandardFileValidation 2025-05-29 14:36:49,487 INFO /global/cfs/cdirs/m3443/data/GNN4ITK/RDOFiles/mc21_14TeV.601190.PhPy8EG_AZNLO_Zmumu.recon.RDO.e8481_s4203_r14701/RDO.36156278._000014.pool.root.1: Testing event count...
PyJobTransforms.trfValidation.performStandardFileValidation 2025-05-29 14:36:49,487 INFO Event counting test passed (200 events).
PyJobTransforms.trfValidation.performStandardFileValidation 2025-05-29 14:36:49,487 INFO /global/cfs/cdirs/m3443/data/GNN4ITK/RDOFiles/mc21_14TeV.601190.PhPy8EG_AZNLO_Zmumu.recon.RDO.e8481_s4203_r14701/RDO.36156278._000014.pool.root.1: Checking if guid exists...
PyJobTransforms.trfValidation.performStandardFileValidation 2025-05-29 14:36:49,487 INFO Guid is 3112F45D-F22A-4448-9C51-29446260E455
PyJobTransforms.trfValidation.performStandardFileValidation 2025-05-29 14:36:49,487 INFO Validating file /global/cfs/cdirs/m3443/data/GNN4ITK/RDOFiles/mc21_14TeV.601190.PhPy8EG_AZNLO_Zmumu.recon.RDO.e8481_s4203_r14701/RDO.36156278._000082.pool.root.1...
PyJobTransforms.trfValidation.performStandardFileValidation 2025-05-29 14:36:49,488 INFO /global/cfs/cdirs/m3443/data/GNN4ITK/RDOFiles/mc21_14TeV.601190.PhPy8EG_AZNLO_Zmumu.recon.RDO.e8481_s4203_r14701/RDO.36156278._000082.pool.root.1: Testing event count...
PyJobTransforms.trfValidation.performStandardFileValidation 2025-05-29 14:36:49,488 INFO Event counting test passed (200 events).
PyJobTransforms.trfValidation.performStandardFileValidation 2025-05-29 14:36:49,488 INFO /global/cfs/cdirs/m3443/data/GNN4ITK/RDOFiles/mc21_14TeV.601190.PhPy8EG_AZNLO_Zmumu.recon.RDO.e8481_s4203_r14701/RDO.36156278._000082.pool.root.1: Checking if guid exists...
PyJobTransforms.trfValidation.performStandardFileValidation 2025-05-29 14:36:49,488 INFO Guid is DEB470A6-EF8B-1842-BC8A-06BE6AE7C5C9
PyJobTransforms.trfValidation.performStandardFileValidation 2025-05-29 14:36:49,488 INFO Validating file /global/cfs/cdirs/m3443/data/GNN4ITK/RDOFiles/mc21_14TeV.601190.PhPy8EG_AZNLO_Zmumu.recon.RDO.e8481_s4203_r14701/RDO.36156278._000218.pool.root.1...
PyJobTransforms.trfValidation.performStandardFileValidation 2025-05-29 14:36:49,488 INFO /global/cfs/cdirs/m3443/data/GNN4ITK/RDOFiles/mc21_14TeV.601190.PhPy8EG_AZNLO_Zmumu.recon.RDO.e8481_s4203_r14701/RDO.36156278._000218.pool.root.1: Testing event count...
PyJobTransforms.trfValidation.performStandardFileValidation 2025-05-29 14:36:49,489 INFO Event counting test passed (200 events).
PyJobTransforms.trfValidation.performStandardFileValidation 2025-05-29 14:36:49,489 INFO /global/cfs/cdirs/m3443/data/GNN4ITK/RDOFiles/mc21_14TeV.601190.PhPy8EG_AZNLO_Zmumu.recon.RDO.e8481_s4203_r14701/RDO.36156278._000218.pool.root.1: Checking if guid exists...
PyJobTransforms.trfValidation.performStandardFileValidation 2025-05-29 14:36:49,489 INFO Guid is 77A3D649-F2F9-5C40-AEBD-ECC40A85B0DC
PyJobTransforms.trfValidation.performStandardFileValidation 2025-05-29 14:36:49,489 INFO Validating file /global/cfs/cdirs/m3443/data/GNN4ITK/RDOFiles/mc21_14TeV.601190.PhPy8EG_AZNLO_Zmumu.recon.RDO.e8481_s4203_r14701/RDO.36156278._000344.pool.root.1...
PyJobTransforms.trfValidation.performStandardFileValidation 2025-05-29 14:36:49,489 INFO /global/cfs/cdirs/m3443/data/GNN4ITK/RDOFiles/mc21_14TeV.601190.PhPy8EG_AZNLO_Zmumu.recon.RDO.e8481_s4203_r14701/RDO.36156278._000344.pool.root.1: Testing event count...
PyJobTransforms.trfValidation.performStandardFileValidation 2025-05-29 14:36:49,490 INFO Event counting test passed (200 events).
PyJobTransforms.trfValidation.performStandardFileValidation 2025-05-29 14:36:49,490 INFO /global/cfs/cdirs/m3443/data/GNN4ITK/RDOFiles/mc21_14TeV.601190.PhPy8EG_AZNLO_Zmumu.recon.RDO.e8481_s4203_r14701/RDO.36156278._000344.pool.root.1: Checking if guid exists...
PyJobTransforms.trfValidation.performStandardFileValidation 2025-05-29 14:36:49,490 INFO Guid is 83E76B49-5D55-C14F-8F2F-D64D70C0ACCA
PyJobTransforms.trfValidation.performStandardFileValidation 2025-05-29 14:36:49,490 INFO Validating file /global/cfs/cdirs/m3443/data/GNN4ITK/RDOFiles/mc21_14TeV.601190.PhPy8EG_AZNLO_Zmumu.recon.RDO.e8481_s4203_r14701/RDO.36156278._000400.pool.root.1...
PyJobTransforms.trfValidation.performStandardFileValidation 2025-05-29 14:36:49,490 INFO /global/cfs/cdirs/m3443/data/GNN4ITK/RDOFiles/mc21_14TeV.601190.PhPy8EG_AZNLO_Zmumu.recon.RDO.e8481_s4203_r14701/RDO.36156278._000400.pool.root.1: Testing event count...
PyJobTransforms.trfValidation.performStandardFileValidation 2025-05-29 14:36:49,490 INFO Event counting test passed (200 events).
PyJobTransforms.trfValidation.performStandardFileValidation 2025-05-29 14:36:49,490 INFO /global/cfs/cdirs/m3443/data/GNN4ITK/RDOFiles/mc21_14TeV.601190.PhPy8EG_AZNLO_Zmumu.recon.RDO.e8481_s4203_r14701/RDO.36156278._000400.pool.root.1: Checking if guid exists...
PyJobTransforms.trfValidation.performStandardFileValidation 2025-05-29 14:36:49,490 INFO Guid is 6DBC227F-67F3-8549-8597-B9D3E012AE79
PyJobTransforms.trfValidation.performStandardFileValidation 2025-05-29 14:36:49,490 INFO Validating file /global/cfs/cdirs/m3443/data/GNN4ITK/RDOFiles/mc21_14TeV.601190.PhPy8EG_AZNLO_Zmumu.recon.RDO.e8481_s4203_r14701/RDO.36156278._000403.pool.root.1...
PyJobTransforms.trfValidation.performStandardFileValidation 2025-05-29 14:36:49,490 INFO /global/cfs/cdirs/m3443/data/GNN4ITK/RDOFiles/mc21_14TeV.601190.PhPy8EG_AZNLO_Zmumu.recon.RDO.e8481_s4203_r14701/RDO.36156278._000403.pool.root.1: Testing event count...
PyJobTransforms.trfValidation.performStandardFileValidation 2025-05-29 14:36:49,491 INFO Event counting test passed (200 events).
PyJobTransforms.trfValidation.performStandardFileValidation 2025-05-29 14:36:49,491 INFO /global/cfs/cdirs/m3443/data/GNN4ITK/RDOFiles/mc21_14TeV.601190.PhPy8EG_AZNLO_Zmumu.recon.RDO.e8481_s4203_r14701/RDO.36156278._000403.pool.root.1: Checking if guid exists...
PyJobTransforms.trfValidation.performStandardFileValidation 2025-05-29 14:36:49,491 INFO Guid is A56DF0B4-D171-DB47-AB6B-D31698E8B4BF
PyJobTransforms.trfValidation.performStandardFileValidation 2025-05-29 14:36:49,491 INFO Validating file /global/cfs/cdirs/m3443/data/GNN4ITK/RDOFiles/mc21_14TeV.601190.PhPy8EG_AZNLO_Zmumu.recon.RDO.e8481_s4203_r14701/RDO.36156278._000512.pool.root.1...
PyJobTransforms.trfValidation.performStandardFileValidation 2025-05-29 14:36:49,491 INFO /global/cfs/cdirs/m3443/data/GNN4ITK/RDOFiles/mc21_14TeV.601190.PhPy8EG_AZNLO_Zmumu.recon.RDO.e8481_s4203_r14701/RDO.36156278._000512.pool.root.1: Testing event count...
PyJobTransforms.trfValidation.performStandardFileValidation 2025-05-29 14:36:49,491 INFO Event counting test passed (200 events).
PyJobTransforms.trfValidation.performStandardFileValidation 2025-05-29 14:36:49,491 INFO /global/cfs/cdirs/m3443/data/GNN4ITK/RDOFiles/mc21_14TeV.601190.PhPy8EG_AZNLO_Zmumu.recon.RDO.e8481_s4203_r14701/RDO.36156278._000512.pool.root.1: Checking if guid exists...
PyJobTransforms.trfValidation.performStandardFileValidation 2025-05-29 14:36:49,491 INFO Guid is 172C9D9F-0BDB-8549-A7BF-92BBC6284EBC
PyJobTransforms.trfValidation.performStandardFileValidation 2025-05-29 14:36:49,491 INFO Validating file /global/cfs/cdirs/m3443/data/GNN4ITK/RDOFiles/mc21_14TeV.601190.PhPy8EG_AZNLO_Zmumu.recon.RDO.e8481_s4203_r14701/RDO.36156278._000532.pool.root.1...
PyJobTransforms.trfValidation.performStandardFileValidation 2025-05-29 14:36:49,492 INFO /global/cfs/cdirs/m3443/data/GNN4ITK/RDOFiles/mc21_14TeV.601190.PhPy8EG_AZNLO_Zmumu.recon.RDO.e8481_s4203_r14701/RDO.36156278._000532.pool.root.1: Testing event count...
PyJobTransforms.trfValidation.performStandardFileValidation 2025-05-29 14:36:49,492 INFO Event counting test passed (200 events).
PyJobTransforms.trfValidation.performStandardFileValidation 2025-05-29 14:36:49,492 INFO /global/cfs/cdirs/m3443/data/GNN4ITK/RDOFiles/mc21_14TeV.601190.PhPy8EG_AZNLO_Zmumu.recon.RDO.e8481_s4203_r14701/RDO.36156278._000532.pool.root.1: Checking if guid exists...
PyJobTransforms.trfValidation.performStandardFileValidation 2025-05-29 14:36:49,492 INFO Guid is 40E0BCF9-2D9B-1948-8238-5590E714BF4B
PyJobTransforms.trfValidation.performStandardFileValidation 2025-05-29 14:36:49,492 INFO Validating file /global/cfs/cdirs/m3443/data/GNN4ITK/RDOFiles/mc21_14TeV.601190.PhPy8EG_AZNLO_Zmumu.recon.RDO.e8481_s4203_r14701/RDO.36156278._000540.pool.root.1...
PyJobTransforms.trfValidation.performStandardFileValidation 2025-05-29 14:36:49,492 INFO /global/cfs/cdirs/m3443/data/GNN4ITK/RDOFiles/mc21_14TeV.601190.PhPy8EG_AZNLO_Zmumu.recon.RDO.e8481_s4203_r14701/RDO.36156278._000540.pool.root.1: Testing event count...
PyJobTransforms.trfValidation.performStandardFileValidation 2025-05-29 14:36:49,492 INFO Event counting test passed (200 events).
PyJobTransforms.trfValidation.performStandardFileValidation 2025-05-29 14:36:49,492 INFO /global/cfs/cdirs/m3443/data/GNN4ITK/RDOFiles/mc21_14TeV.601190.PhPy8EG_AZNLO_Zmumu.recon.RDO.e8481_s4203_r14701/RDO.36156278._000540.pool.root.1: Checking if guid exists...
PyJobTransforms.trfValidation.performStandardFileValidation 2025-05-29 14:36:49,492 INFO Guid is 68465E32-0826-F446-9B2E-986FC2C4DA70
PyJobTransforms.trfValidation.performStandardFileValidation 2025-05-29 14:36:49,492 INFO Validating file /global/cfs/cdirs/m3443/data/GNN4ITK/RDOFiles/mc21_14TeV.601190.PhPy8EG_AZNLO_Zmumu.recon.RDO.e8481_s4203_r14701/RDO.36156278._000563.pool.root.1...
PyJobTransforms.trfValidation.performStandardFileValidation 2025-05-29 14:36:49,493 INFO /global/cfs/cdirs/m3443/data/GNN4ITK/RDOFiles/mc21_14TeV.601190.PhPy8EG_AZNLO_Zmumu.recon.RDO.e8481_s4203_r14701/RDO.36156278._000563.pool.root.1: Testing event count...
PyJobTransforms.trfValidation.performStandardFileValidation 2025-05-29 14:36:49,493 INFO Event counting test passed (200 events).
PyJobTransforms.trfValidation.performStandardFileValidation 2025-05-29 14:36:49,493 INFO /global/cfs/cdirs/m3443/data/GNN4ITK/RDOFiles/mc21_14TeV.601190.PhPy8EG_AZNLO_Zmumu.recon.RDO.e8481_s4203_r14701/RDO.36156278._000563.pool.root.1: Checking if guid exists...
PyJobTransforms.trfValidation.performStandardFileValidation 2025-05-29 14:36:49,493 INFO Guid is 8D0186B1-18DB-9240-98D9-A207607A0EC8
PyJobTransforms.trfValidation.performStandardFileValidation 2025-05-29 14:36:49,493 INFO Validating file /global/cfs/cdirs/m3443/data/GNN4ITK/RDOFiles/mc21_14TeV.601190.PhPy8EG_AZNLO_Zmumu.recon.RDO.e8481_s4203_r14701/RDO.36156278._000604.pool.root.1...
PyJobTransforms.trfValidation.performStandardFileValidation 2025-05-29 14:36:49,493 INFO /global/cfs/cdirs/m3443/data/GNN4ITK/RDOFiles/mc21_14TeV.601190.PhPy8EG_AZNLO_Zmumu.recon.RDO.e8481_s4203_r14701/RDO.36156278._000604.pool.root.1: Testing event count...
PyJobTransforms.trfValidation.performStandardFileValidation 2025-05-29 14:36:49,493 INFO Event counting test passed (200 events).
PyJobTransforms.trfValidation.performStandardFileValidation 2025-05-29 14:36:49,493 INFO /global/cfs/cdirs/m3443/data/GNN4ITK/RDOFiles/mc21_14TeV.601190.PhPy8EG_AZNLO_Zmumu.recon.RDO.e8481_s4203_r14701/RDO.36156278._000604.pool.root.1: Checking if guid exists...
PyJobTransforms.trfValidation.performStandardFileValidation 2025-05-29 14:36:49,493 INFO Guid is FC6EE3DA-DA51-3843-99B8-093A9F4F330C
PyJobTransforms.trfValidation.performStandardFileValidation 2025-05-29 14:36:49,494 INFO Stopping legacy (serial) file validation
PyJobTransforms.trfExe.preExecute 2025-05-29 14:36:49,494 INFO Asetup report: 	AtlasBaseDir=/cvmfs/atlas.cern.ch/repo/sw/software/25.0
	AtlasProject=Athena
	AtlasVersion=25.0.30
	TestArea=/pscratch/sd/x/xju/athena_dev/20250507_gnn4itk_triton
	Athena_PLATFORM=x86_64-el9-gcc13-opt
PyJobTransforms.trfMTTools.detectAthenaMTThreads 2025-05-29 14:36:49,494 INFO AthenaMT detected from ATHENA_CORE_NUMBER with 16 threads
PyJobTransforms.trfJobOptions.writeRunArgs 2025-05-29 14:36:49,494 INFO Writing runArgs to file "runargs.RAWtoALL.py"
PyJobTransforms.trfJobOptions.writeRunArgs 2025-05-29 14:36:49,503 INFO Successfully wrote runargs file runargs.RAWtoALL.py
PyJobTransforms.trfEnv.probeTcmallocSettings 2025-05-29 14:36:49,508 INFO Skipping inclusion of tcmalloc
PyJobTransforms.trfExe._prepAthenaCommandLine 2025-05-29 14:36:49,508 INFO Setting athena preloadlibs for substep RAWtoALL to: $ATLASMKLLIBDIR_PRELOAD/libintlc.so.5:$ATLASMKLLIBDIR_PRELOAD/libimf.so
PyJobTransforms.trfExe._prepAthenaCommandLine 2025-05-29 14:36:49,508 INFO ignoring "--drop-and-reload" for CA-based transforms, config cleaned up anyway
PyJobTransforms.trfExe._prepAthenaCommandLine 2025-05-29 14:36:49,508 INFO Updated script arguments with topoptions: ['athena.py', '--loglevel=INFO', '--preloadlib=$ATLASMKLLIBDIR_PRELOAD/libintlc.so.5:$ATLASMKLLIBDIR_PRELOAD/libimf.so', 'runargs.RAWtoALL.py']
PyJobTransforms.trfExe.preExecute 2025-05-29 14:36:49,508 INFO Will execute script as ['athena.py', '--loglevel=INFO', '--preloadlib=$ATLASMKLLIBDIR_PRELOAD/libintlc.so.5:$ATLASMKLLIBDIR_PRELOAD/libimf.so', 'runargs.RAWtoALL.py']
PyJobTransforms.trfExe.preExecute 2025-05-29 14:36:49,508 INFO Interactive environment detected (stdio or stdout is a tty) - enabling command echoing to stdout
PyJobTransforms.trfExe.preExecute 2025-05-29 14:36:49,513 INFO Now writing wrapper for substep executor RAWtoALL
PyJobTransforms.trfExe._writeAthenaWrapper 2025-05-29 14:36:49,522 INFO Valgrind/VTune not engaged
PyJobTransforms.trfExe.preExecute 2025-05-29 14:36:49,524 INFO Athena will be executed in a subshell via ['./runwrapper.RAWtoALL.sh']
PyJobTransforms.trfExe.execute 2025-05-29 14:36:49,524 INFO Starting execution of RAWtoALL (['./runwrapper.RAWtoALL.sh'])
RAWtoALL 14:36:49 Thu May 29 14:36:49 PDT 2025
RAWtoALL 14:36:49 Preloading tcmalloc_minimal.so
RAWtoALL 14:36:49 Preloading libexcabort.so
RAWtoALL 14:36:49 Preloading /cvmfs/atlas.cern.ch/repo/sw/software/25.0/AthenaExternals/25.0.30/InstallArea/x86_64-el9-gcc13-opt/lib/libintlc.so.5:/cvmfs/atlas.cern.ch/repo/sw/software/25.0/AthenaExternals/25.0.30/InstallArea/x86_64-el9-gcc13-opt/lib/libimf.so
RAWtoALL 14:36:50 Traceback (most recent call last):
RAWtoALL 14:36:50   File "/cvmfs/atlas.cern.ch/repo/sw/software/25.0/Athena/25.0.30/InstallArea/x86_64-el9-gcc13-opt/bin/athena.py", line 166, in <module>
RAWtoALL 14:36:50     runpy.run_path( opts.scripts[0], run_name='__main__' )
RAWtoALL 14:36:50   File "<frozen runpy>", line 290, in run_path
RAWtoALL 14:36:50   File "<frozen runpy>", line 259, in _get_code_from_file
RAWtoALL 14:36:50   File "./runargs.RAWtoALL.py", line 47
RAWtoALL 14:36:50     flags
RAWtoALL 14:36:50 IndentationError: unexpected indent
PyJobTransforms.trfExe.execute 2025-05-29 14:36:50,245 INFO RAWtoALL executor returns 1
remove fails: No such file or directory
[2025-05-29 14:36:50.382] [prmon] [warning] Wallclock time of monitored process was less than the monitoring interval, so average statistics will be unreliable
PyJobTransforms.trfExe.validate 2025-05-29 14:36:51,251 ERROR Validation of return code failed: Non-zero return code from RAWtoALL (1) (Error code 65)
PyJobTransforms.trfExe.validate 2025-05-29 14:36:51,251 INFO Analysing memory monitor output file prmon.full.RAWtoALL for possible memory leak
PyJobTransforms.trfUtils.getFittedData 2025-05-29 14:36:51,253 INFO removing tails from the memory monitor data; 20% from each side
PyJobTransforms.trfUtils.getFittedData 2025-05-29 14:36:51,253 WARNING wrong length of table data, x=[], y=[] (must be same and length>=5)
PyJobTransforms.trfExe.validate 2025-05-29 14:36:51,253 WARNING Failed to analyse the memory monitor file prmon.full.RAWtoALL
PyJobTransforms.trfExe.validate 2025-05-29 14:36:51,257 INFO Scanning logfile log.RAWtoALL for errors in substep r2a
PyJobTransforms.transform.execute 2025-05-29 14:36:51,260 CRITICAL Transform executor raised TransformValidationException: Non-zero return code from RAWtoALL (1)
PyJobTransforms.transform.execute 2025-05-29 14:36:54,816 WARNING Transform now exiting early with exit code 65 (Non-zero return code from RAWtoALL (1))
Error: Reco_tf.py failed.
